2026-06-13 17:01:19,608 - ============================================================
2026-06-13 17:01:19,628 - [START] args: Namespace(data_dir='./dataset/mlcfd_data/car_preprocessed', save_dir='./dataset/mlcfd_data/car_preprocessed', fold_id=0, gpu=0, val_iter=10, weight=0.5, lr=0.001, batch_size=1, nb_epochs=200, preprocessed=1, resume=0, checkpoint_every=10, output_dir='./output')
2026-06-13 17:04:12,717 - [INFO] Parameters: 1,741,224
2026-06-13 17:04:12,723 - [INFO] Training 0 → 199
2026-06-13 17:06:06,201 - Epoch 0/199  train=0.815722 (press=1.1478 velo=0.2418)  val=0.457837  surf_l2re=0.2731  vol_l2re=0.4061  t=109.1s
2026-06-13 17:06:06,337 - [BEST] New best at epoch 0  val=0.457837  surf_l2re=0.2731  vol_l2re=0.4061
2026-06-13 17:07:50,887 - Epoch 1/199  train=0.462466  t=104.5s
2026-06-13 17:09:35,477 - Epoch 2/199  train=0.377185  t=104.6s
2026-06-13 17:11:20,062 - Epoch 3/199  train=0.338537  t=104.5s
2026-06-13 17:13:04,621 - Epoch 4/199  train=0.313630  t=104.5s
2026-06-13 17:14:49,187 - Epoch 5/199  train=0.291387  t=104.5s
2026-06-13 17:16:33,764 - Epoch 6/199  train=0.281911  t=104.5s
2026-06-13 17:18:18,344 - Epoch 7/199  train=0.277840  t=104.6s
2026-06-13 17:20:02,894 - Epoch 8/199  train=0.281416  t=104.5s
2026-06-13 17:21:47,413 - Epoch 9/199  train=0.275173  t=104.5s
2026-06-13 17:23:36,193 - Epoch 10/199  train=0.271489 (press=0.4076 velo=0.0677)  val=0.249162  surf_l2re=0.2059  vol_l2re=0.2767  t=104.5s
2026-06-13 17:23:36,275 - [BEST] New best at epoch 10  val=0.249162  surf_l2re=0.2059  vol_l2re=0.2767
2026-06-13 17:25:20,816 - Epoch 11/199  train=0.269470  t=104.5s
2026-06-13 17:27:05,403 - Epoch 12/199  train=0.261844  t=104.5s
2026-06-13 17:28:49,985 - Epoch 13/199  train=0.272404  t=104.6s
2026-06-13 17:30:34,573 - Epoch 14/199  train=0.264814  t=104.6s
2026-06-13 17:32:19,136 - Epoch 15/199  train=0.263079  t=104.5s
2026-06-13 17:34:03,717 - Epoch 16/199  train=0.256119  t=104.6s
2026-06-13 17:35:48,296 - Epoch 17/199  train=0.246527  t=104.5s
2026-06-13 17:37:32,901 - Epoch 18/199  train=0.251407  t=104.6s
2026-06-13 17:39:17,472 - Epoch 19/199  train=0.250471  t=104.5s
2026-06-13 17:41:06,321 - Epoch 20/199  train=0.241368 (press=0.3592 velo=0.0618)  val=0.207856  surf_l2re=0.1850  vol_l2re=0.2518  t=104.6s
2026-06-13 17:41:06,413 - [BEST] New best at epoch 20  val=0.207856  surf_l2re=0.1850  vol_l2re=0.2518
2026-06-13 17:42:50,929 - Epoch 21/199  train=0.243920  t=104.5s
2026-06-13 17:44:35,548 - Epoch 22/199  train=0.228399  t=104.6s
2026-06-13 17:46:20,147 - Epoch 23/199  train=0.219328  t=104.6s
2026-06-13 17:48:04,723 - Epoch 24/199  train=0.215336  t=104.6s
2026-06-13 17:49:49,297 - Epoch 25/199  train=0.202106  t=104.6s
2026-06-13 17:51:33,890 - Epoch 26/199  train=0.186598  t=104.6s
2026-06-13 17:53:18,483 - Epoch 27/199  train=0.178121  t=104.6s
2026-06-13 17:55:03,131 - Epoch 28/199  train=0.171548  t=104.6s
2026-06-13 17:56:47,703 - Epoch 29/199  train=0.161919  t=104.6s
2026-06-13 17:58:36,536 - Epoch 30/199  train=0.152673 (press=0.2204 velo=0.0425)  val=0.145929  surf_l2re=0.1621  vol_l2re=0.1967  t=104.5s
2026-06-13 17:58:36,647 - [BEST] New best at epoch 30  val=0.145929  surf_l2re=0.1621  vol_l2re=0.1967
2026-06-13 18:00:21,224 - Epoch 31/199  train=0.150526  t=104.6s
2026-06-13 18:02:05,845 - Epoch 32/199  train=0.147894  t=104.6s
2026-06-13 18:03:50,410 - Epoch 33/199  train=0.139959  t=104.5s
2026-06-13 18:05:35,069 - Epoch 34/199  train=0.135019  t=104.6s
2026-06-13 18:07:19,664 - Epoch 35/199  train=0.132103  t=104.6s
2026-06-13 18:09:04,256 - Epoch 36/199  train=0.125612  t=104.6s
2026-06-13 18:10:48,863 - Epoch 37/199  train=0.126613  t=104.6s
2026-06-13 18:12:33,485 - Epoch 38/199  train=0.123508  t=104.6s
2026-06-13 18:14:18,091 - Epoch 39/199  train=0.116091  t=104.6s
2026-06-13 18:16:07,031 - Epoch 40/199  train=0.116794 (press=0.1661 velo=0.0337)  val=0.122584  surf_l2re=0.1406  vol_l2re=0.2011  t=104.6s
2026-06-13 18:16:07,156 - [BEST] New best at epoch 40  val=0.122584  surf_l2re=0.1406  vol_l2re=0.2011
2026-06-13 18:17:51,737 - Epoch 41/199  train=0.110536  t=104.6s
2026-06-13 18:19:36,351 - Epoch 42/199  train=0.107873  t=104.6s
2026-06-13 18:21:20,985 - Epoch 43/199  train=0.109228  t=104.6s
2026-06-13 18:23:05,535 - Epoch 44/199  train=0.105227  t=104.5s
2026-06-13 18:24:50,133 - Epoch 45/199  train=0.102481  t=104.5s
2026-06-13 18:26:34,770 - Epoch 46/199  train=0.101400  t=104.6s
2026-06-13 18:28:19,399 - Epoch 47/199  train=0.099254  t=104.6s
2026-06-13 18:30:04,013 - Epoch 48/199  train=0.098338  t=104.6s
2026-06-13 18:31:48,603 - Epoch 49/199  train=0.094696  t=104.6s
2026-06-13 18:33:37,523 - Epoch 50/199  train=0.092423 (press=0.1298 velo=0.0275)  val=0.084422  surf_l2re=0.1203  vol_l2re=0.1498  t=104.6s
2026-06-13 18:33:37,616 - [BEST] New best at epoch 50  val=0.084422  surf_l2re=0.1203  vol_l2re=0.1498
2026-06-13 18:35:22,216 - Epoch 51/199  train=0.091829  t=104.6s
2026-06-13 18:37:06,809 - Epoch 52/199  train=0.089415  t=104.6s
2026-06-13 18:38:51,422 - Epoch 53/199  train=0.086023  t=104.6s
2026-06-13 18:40:36,071 - Epoch 54/199  train=0.086748  t=104.6s
2026-06-13 18:42:20,744 - Epoch 55/199  train=0.083428  t=104.6s
2026-06-13 18:44:05,358 - Epoch 56/199  train=0.080881  t=104.6s
2026-06-13 18:45:49,982 - Epoch 57/199  train=0.079793  t=104.6s
2026-06-13 18:47:34,581 - Epoch 58/199  train=0.079754  t=104.6s
2026-06-13 18:49:19,190 - Epoch 59/199  train=0.080041  t=104.6s
2026-06-13 18:51:08,135 - Epoch 60/199  train=0.077227 (press=0.1076 velo=0.0234)  val=0.090941  surf_l2re=0.1210  vol_l2re=0.1662  t=104.6s
2026-06-13 18:52:52,678 - Epoch 61/199  train=0.077516  t=104.5s
2026-06-13 18:54:37,159 - Epoch 62/199  train=0.072200  t=104.5s
2026-06-13 18:56:21,737 - Epoch 63/199  train=0.073500  t=104.6s
2026-06-13 18:58:06,331 - Epoch 64/199  train=0.071320  t=104.6s
2026-06-13 18:59:50,914 - Epoch 65/199  train=0.070340  t=104.6s
2026-06-13 19:01:35,519 - Epoch 66/199  train=0.067922  t=104.6s
2026-06-13 19:03:20,125 - Epoch 67/199  train=0.068547  t=104.6s
2026-06-13 19:05:04,737 - Epoch 68/199  train=0.068183  t=104.6s
2026-06-13 19:06:49,296 - Epoch 69/199  train=0.065470  t=104.5s
2026-06-13 19:08:40,461 - Epoch 70/199  train=0.065188 (press=0.0897 velo=0.0204)  val=0.072118  surf_l2re=0.1098  vol_l2re=0.1392  t=104.6s
2026-06-13 19:08:40,555 - [BEST] New best at epoch 70  val=0.072118  surf_l2re=0.1098  vol_l2re=0.1392
2026-06-13 19:10:25,120 - Epoch 71/199  train=0.063758  t=104.6s
2026-06-13 19:12:09,733 - Epoch 72/199  train=0.063748  t=104.6s
2026-06-13 19:13:54,348 - Epoch 73/199  train=0.062568  t=104.6s
2026-06-13 19:15:38,955 - Epoch 74/199  train=0.061339  t=104.6s
2026-06-13 19:17:23,581 - Epoch 75/199  train=0.059184  t=104.6s
2026-06-13 19:19:08,010 - Epoch 76/199  train=0.060452  t=104.4s
2026-06-13 19:20:52,428 - Epoch 77/199  train=0.058363  t=104.4s
2026-06-13 19:22:36,912 - Epoch 78/199  train=0.059211  t=104.5s
2026-06-13 19:24:21,521 - Epoch 79/199  train=0.057849  t=104.6s
2026-06-13 19:26:10,419 - Epoch 80/199  train=0.056767 (press=0.0784 velo=0.0176)  val=0.073368  surf_l2re=0.1106  vol_l2re=0.1375  t=104.6s
2026-06-13 19:27:54,995 - Epoch 81/199  train=0.054986  t=104.6s
2026-06-13 19:29:39,604 - Epoch 82/199  train=0.055441  t=104.6s
2026-06-13 19:31:24,178 - Epoch 83/199  train=0.052732  t=104.6s
2026-06-13 19:33:08,773 - Epoch 84/199  train=0.054377  t=104.6s
2026-06-13 19:34:53,231 - Epoch 85/199  train=0.053812  t=104.4s
2026-06-13 19:36:37,821 - Epoch 86/199  train=0.051116  t=104.6s
2026-06-13 19:38:22,413 - Epoch 87/199  train=0.051894  t=104.6s
2026-06-13 19:40:06,964 - Epoch 88/199  train=0.050291  t=104.5s
2026-06-13 19:41:51,441 - Epoch 89/199  train=0.051244  t=104.4s
2026-06-13 19:43:40,302 - Epoch 90/199  train=0.049788 (press=0.0686 velo=0.0155)  val=0.060732  surf_l2re=0.1004  vol_l2re=0.1295  t=104.6s
2026-06-13 19:43:40,437 - [BEST] New best at epoch 90  val=0.060732  surf_l2re=0.1004  vol_l2re=0.1295
2026-06-13 19:45:25,022 - Epoch 91/199  train=0.048968  t=104.6s
2026-06-13 19:47:09,627 - Epoch 92/199  train=0.048624  t=104.6s
2026-06-13 19:48:54,228 - Epoch 93/199  train=0.048382  t=104.6s
2026-06-13 19:50:38,830 - Epoch 94/199  train=0.045963  t=104.6s
2026-06-13 19:52:23,446 - Epoch 95/199  train=0.045094  t=104.6s
2026-06-13 19:54:08,027 - Epoch 96/199  train=0.046778  t=104.6s
2026-06-13 19:55:52,614 - Epoch 97/199  train=0.047015  t=104.6s
2026-06-13 19:57:37,163 - Epoch 98/199  train=0.046079  t=104.5s
2026-06-13 19:59:21,680 - Epoch 99/199  train=0.042232  t=104.5s
2026-06-13 20:01:10,445 - Epoch 100/199  train=0.044428 (press=0.0600 velo=0.0144)  val=0.054674  surf_l2re=0.0944  vol_l2re=0.1143  t=104.4s
2026-06-13 20:01:10,504 - [BEST] New best at epoch 100  val=0.054674  surf_l2re=0.0944  vol_l2re=0.1143
2026-06-13 20:02:54,996 - Epoch 101/199  train=0.043089  t=104.5s
2026-06-13 20:04:39,480 - Epoch 102/199  train=0.042273  t=104.5s
2026-06-13 20:06:23,977 - Epoch 103/199  train=0.042198  t=104.5s
2026-06-13 20:08:08,375 - Epoch 104/199  train=0.041000  t=104.4s
2026-06-13 20:09:52,820 - Epoch 105/199  train=0.040639  t=104.4s
2026-06-13 20:11:37,307 - Epoch 106/199  train=0.041701  t=104.5s
2026-06-13 20:13:21,859 - Epoch 107/199  train=0.039694  t=104.5s
2026-06-13 20:15:06,392 - Epoch 108/199  train=0.039018  t=104.5s
2026-06-13 20:16:50,881 - Epoch 109/199  train=0.038248  t=104.5s
2026-06-13 20:18:39,698 - Epoch 110/199  train=0.037718 (press=0.0515 velo=0.0120)  val=0.051584  surf_l2re=0.0921  vol_l2re=0.1105  t=104.5s
2026-06-13 20:18:39,776 - [BEST] New best at epoch 110  val=0.051584  surf_l2re=0.0921  vol_l2re=0.1105
2026-06-13 20:20:24,259 - Epoch 111/199  train=0.038245  t=104.5s
2026-06-13 20:22:08,718 - Epoch 112/199  train=0.036458  t=104.5s
2026-06-13 20:23:53,222 - Epoch 113/199  train=0.035089  t=104.5s
2026-06-13 20:25:37,706 - Epoch 114/199  train=0.035483  t=104.5s
2026-06-13 20:27:22,172 - Epoch 115/199  train=0.037502  t=104.5s
2026-06-13 20:29:06,666 - Epoch 116/199  train=0.033657  t=104.5s
2026-06-13 20:30:51,137 - Epoch 117/199  train=0.034576  t=104.5s
2026-06-13 20:32:35,651 - Epoch 118/199  train=0.033927  t=104.5s
2026-06-13 20:34:20,241 - Epoch 119/199  train=0.032691  t=104.6s
2026-06-13 20:36:09,135 - Epoch 120/199  train=0.033237 (press=0.0455 velo=0.0105)  val=0.052831  surf_l2re=0.0932  vol_l2re=0.1107  t=104.6s
2026-06-13 20:37:53,716 - Epoch 121/199  train=0.033398  t=104.6s
2026-06-13 20:39:38,305 - Epoch 122/199  train=0.031862  t=104.6s
2026-06-13 20:41:22,892 - Epoch 123/199  train=0.031583  t=104.6s
2026-06-13 20:43:07,458 - Epoch 124/199  train=0.030485  t=104.6s
2026-06-13 20:44:52,031 - Epoch 125/199  train=0.030660  t=104.6s
2026-06-13 20:46:36,647 - Epoch 126/199  train=0.032737  t=104.6s
2026-06-13 20:48:21,216 - Epoch 127/199  train=0.030528  t=104.6s
2026-06-13 20:50:05,755 - Epoch 128/199  train=0.029102  t=104.5s
2026-06-13 20:51:50,262 - Epoch 129/199  train=0.028954  t=104.5s
2026-06-13 20:53:41,942 - Epoch 130/199  train=0.028716 (press=0.0388 velo=0.0093)  val=0.049139  surf_l2re=0.0890  vol_l2re=0.1078  t=104.5s
2026-06-13 20:53:45,278 - [BEST] New best at epoch 130  val=0.049139  surf_l2re=0.0890  vol_l2re=0.1078
2026-06-13 20:55:29,760 - Epoch 131/199  train=0.028747  t=104.5s
2026-06-13 20:57:14,265 - Epoch 132/199  train=0.027520  t=104.5s
2026-06-13 20:58:58,827 - Epoch 133/199  train=0.027107  t=104.6s
2026-06-13 21:00:43,392 - Epoch 134/199  train=0.026874  t=104.6s
2026-06-13 21:02:27,993 - Epoch 135/199  train=0.026875  t=104.6s
2026-06-13 21:04:12,574 - Epoch 136/199  train=0.026342  t=104.6s
2026-06-13 21:05:57,138 - Epoch 137/199  train=0.026442  t=104.6s
2026-06-13 21:07:41,585 - Epoch 138/199  train=0.025495  t=104.4s
2026-06-13 21:09:26,109 - Epoch 139/199  train=0.025626  t=104.5s
2026-06-13 21:11:15,006 - Epoch 140/199  train=0.025015 (press=0.0330 velo=0.0085)  val=0.046223  surf_l2re=0.0872  vol_l2re=0.0996  t=104.6s
2026-06-13 21:11:15,127 - [BEST] New best at epoch 140  val=0.046223  surf_l2re=0.0872  vol_l2re=0.0996
2026-06-13 21:12:59,718 - Epoch 141/199  train=0.024821  t=104.6s
2026-06-13 21:14:44,313 - Epoch 142/199  train=0.024220  t=104.6s
2026-06-13 21:16:28,889 - Epoch 143/199  train=0.024218  t=104.6s
2026-06-13 21:18:13,464 - Epoch 144/199  train=0.024567  t=104.6s
2026-06-13 21:19:57,983 - Epoch 145/199  train=0.023648  t=104.5s
2026-06-13 21:21:42,552 - Epoch 146/199  train=0.023142  t=104.6s
2026-06-13 21:23:27,138 - Epoch 147/199  train=0.022950  t=104.6s
2026-06-13 21:25:11,727 - Epoch 148/199  train=0.022623  t=104.6s
2026-06-13 21:26:56,316 - Epoch 149/199  train=0.022565  t=104.6s
2026-06-13 21:28:45,171 - Epoch 150/199  train=0.022180 (press=0.0286 velo=0.0079)  val=0.046132  surf_l2re=0.0860  vol_l2re=0.1020  t=104.6s
2026-06-13 21:28:45,276 - [BEST] New best at epoch 150  val=0.046132  surf_l2re=0.0860  vol_l2re=0.1020
2026-06-13 21:30:30,036 - Epoch 151/199  train=0.022020  t=104.8s
2026-06-13 21:32:14,818 - Epoch 152/199  train=0.021742  t=104.8s
2026-06-13 21:33:59,593 - Epoch 153/199  train=0.021592  t=104.8s
2026-06-13 21:35:44,367 - Epoch 154/199  train=0.021257  t=104.8s
2026-06-13 21:37:29,124 - Epoch 155/199  train=0.021072  t=104.8s
2026-06-13 21:39:13,903 - Epoch 156/199  train=0.020905  t=104.8s
2026-06-13 21:40:58,612 - Epoch 157/199  train=0.020738  t=104.7s
2026-06-13 21:42:43,374 - Epoch 158/199  train=0.020372  t=104.8s
2026-06-13 21:44:28,100 - Epoch 159/199  train=0.020227  t=104.7s
2026-06-13 21:46:16,979 - Epoch 160/199  train=0.020216 (press=0.0254 velo=0.0075)  val=0.043768  surf_l2re=0.0847  vol_l2re=0.0954  t=104.5s
2026-06-13 21:46:17,216 - [BEST] New best at epoch 160  val=0.043768  surf_l2re=0.0847  vol_l2re=0.0954
2026-06-13 21:48:01,753 - Epoch 161/199  train=0.019918  t=104.5s
2026-06-13 21:49:46,297 - Epoch 162/199  train=0.019716  t=104.5s
2026-06-13 21:51:30,868 - Epoch 163/199  train=0.019602  t=104.6s
2026-06-13 21:53:15,439 - Epoch 164/199  train=0.019381  t=104.6s
2026-06-13 21:54:59,993 - Epoch 165/199  train=0.019263  t=104.5s
2026-06-13 21:56:44,577 - Epoch 166/199  train=0.019124  t=104.6s
2026-06-13 21:58:29,082 - Epoch 167/199  train=0.018964  t=104.5s
2026-06-13 22:00:13,655 - Epoch 168/199  train=0.018891  t=104.6s
2026-06-13 22:01:58,115 - Epoch 169/199  train=0.018740  t=104.4s
2026-06-13 22:03:46,979 - Epoch 170/199  train=0.018619 (press=0.0229 velo=0.0072)  val=0.043471  surf_l2re=0.0849  vol_l2re=0.0935  t=104.5s
2026-06-13 22:03:47,071 - [BEST] New best at epoch 170  val=0.043471  surf_l2re=0.0849  vol_l2re=0.0935
2026-06-13 22:05:31,562 - Epoch 171/199  train=0.018511  t=104.5s
2026-06-13 22:07:16,118 - Epoch 172/199  train=0.018425  t=104.6s
2026-06-13 22:09:00,698 - Epoch 173/199  train=0.018283  t=104.6s
2026-06-13 22:10:45,251 - Epoch 174/199  train=0.018123  t=104.5s
2026-06-13 22:12:29,865 - Epoch 175/199  train=0.018056  t=104.6s
2026-06-13 22:14:14,363 - Epoch 176/199  train=0.017944  t=104.5s
2026-06-13 22:15:58,916 - Epoch 177/199  train=0.017909  t=104.5s
2026-06-13 22:17:43,421 - Epoch 178/199  train=0.017823  t=104.5s
2026-06-13 22:19:27,997 - Epoch 179/199  train=0.017746  t=104.6s
2026-06-13 22:21:16,844 - Epoch 180/199  train=0.017635 (press=0.0213 velo=0.0070)  val=0.043280  surf_l2re=0.0843  vol_l2re=0.0931  t=104.6s
2026-06-13 22:21:16,943 - [BEST] New best at epoch 180  val=0.043280  surf_l2re=0.0843  vol_l2re=0.0931
2026-06-13 22:23:01,545 - Epoch 181/199  train=0.017611  t=104.6s
2026-06-13 22:24:46,142 - Epoch 182/199  train=0.017550  t=104.6s
2026-06-13 22:26:30,423 - Epoch 183/199  train=0.017483  t=104.3s
2026-06-13 22:28:14,604 - Epoch 184/199  train=0.017421  t=104.2s
2026-06-13 22:29:58,765 - Epoch 185/199  train=0.017383  t=104.2s
2026-06-13 22:31:42,924 - Epoch 186/199  train=0.017343  t=104.2s
2026-06-13 22:33:27,113 - Epoch 187/199  train=0.017277  t=104.2s
2026-06-13 22:35:11,275 - Epoch 188/199  train=0.017241  t=104.2s
2026-06-13 22:36:55,429 - Epoch 189/199  train=0.017180  t=104.1s
2026-06-13 22:38:43,928 - Epoch 190/199  train=0.017207 (press=0.0206 velo=0.0069)  val=0.043060  surf_l2re=0.0842  vol_l2re=0.0926  t=104.1s
2026-06-13 22:38:44,023 - [BEST] New best at epoch 190  val=0.043060  surf_l2re=0.0842  vol_l2re=0.0926
2026-06-13 22:40:28,113 - Epoch 191/199  train=0.017163  t=104.1s
2026-06-13 22:42:12,191 - Epoch 192/199  train=0.017122  t=104.1s
2026-06-13 22:43:56,279 - Epoch 193/199  train=0.017109  t=104.1s
2026-06-13 22:45:40,342 - Epoch 194/199  train=0.017102  t=104.1s
2026-06-13 22:47:24,437 - Epoch 195/199  train=0.017100  t=104.1s
2026-06-13 22:49:08,522 - Epoch 196/199  train=0.017085  t=104.1s
2026-06-13 22:50:52,689 - Epoch 197/199  train=0.017084  t=104.2s
2026-06-13 22:52:36,830 - Epoch 198/199  train=0.017076  t=104.1s
2026-06-13 22:54:25,207 - Epoch 199/199  train=0.017072 (press=0.0204 velo=0.0069)  val=0.043206  surf_l2re=0.0843  vol_l2re=0.0927  t=104.2s
2026-06-13 22:54:25,320 - [DONE] Time: 21012.6s  best_val=0.043060
